# JRE version: OpenJDK Runtime Environment (11.0.4+11) (build 11.0.4+11-post-Ubuntu-1ubuntu218.04.3)
# Java VM: OpenJDK 64-Bit Server VM (11.0.4+11-post-Ubuntu-1ubuntu218.04.3, mixed mode, sharing, tiered, compressed oops, g1 gc, linux-amd64)
Heap:
 garbage-first heap   total 126976K, used 24243K [0x0000000086a00000, 0x0000000100000000)
  region size 1024K, 21 young (21504K), 8 survivors (8192K)
 Metaspace       used 32492K, capacity 33575K, committed 33840K, reserved 1079296K
  class space    used 4040K, capacity 4470K, committed 4480K, reserved 1048576K
GC Heap History (10 events):
Event: 6.998 GC heap before
{Heap before GC invocations=1 (full 0):
 garbage-first heap   total 126976K, used 12974K [0x0000000086a00000, 0x0000000100000000)
  region size 1024K, 10 young (10240K), 2 survivors (2048K)
 Metaspace       used 4780K, capacity 6507K, committed 6656K, reserved 1056768K
  class space    used 521K, capacity 703K, committed 768K, reserved 1048576K
}
Event: 7.022 GC heap after
{Heap after GC invocations=2 (full 0):
 garbage-first heap   total 126976K, used 5095K [0x0000000086a00000, 0x0000000100000000)
  region size 1024K, 1 young (1024K), 1 survivors (1024K)
 Metaspace       used 4780K, capacity 6507K, committed 6656K, reserved 1056768K
  class space    used 521K, capacity 703K, committed 768K, reserved 1048576K
}
Event: 8.079 GC heap before
{Heap before GC invocations=2 (full 0):
 garbage-first heap   total 126976K, used 32743K [0x0000000086a00000, 0x0000000100000000)
  region size 1024K, 29 young (29696K), 1 survivors (1024K)
 Metaspace       used 10203K, capacity 10639K, committed 10752K, reserved 1058816K
  class space    used 1342K, capacity 1475K, committed 1536K, reserved 1048576K
}
Event: 8.095 GC heap after
{Heap after GC invocations=3 (full 0):
 garbage-first heap   total 126976K, used 6614K [0x0000000086a00000, 0x0000000100000000)
  region size 1024K, 2 young (2048K), 2 survivors (2048K)
 Metaspace       used 10203K, capacity 10639K, committed 10752K, reserved 1058816K
  class space    used 1342K, capacity 1475K, committed 1536K, reserved 1048576K
}
Event: 10.405 GC heap before
{Heap before GC invocations=3 (full 0):
 garbage-first heap   total 126976K, used 60886K [0x0000000086a00000, 0x0000000100000000)
  region size 1024K, 56 young (57344K), 2 survivors (2048K)
 Metaspace       used 18976K, capacity 19614K, committed 19840K, reserved 1067008K
  class space    used 2420K, capacity 2672K, committed 2688K, reserved 1048576K
}
Event: 10.415 GC heap after
{Heap after GC invocations=4 (full 0):
 garbage-first heap   total 126976K, used 8599K [0x0000000086a00000, 0x0000000100000000)
  region size 1024K, 4 young (4096K), 4 survivors (4096K)
 Metaspace       used 18976K, capacity 19614K, committed 19840K, reserved 1067008K
  class space    used 2420K, capacity 2672K, committed 2688K, reserved 1048576K
}
Event: 10.762 GC heap before
{Heap before GC invocations=4 (full 0):
 garbage-first heap   total 126976K, used 18839K [0x0000000086a00000, 0x0000000100000000)
  region size 1024K, 15 young (15360K), 4 survivors (4096K)
 Metaspace       used 20550K, capacity 21172K, committed 21296K, reserved 1067008K
  class space    used 2626K, capacity 2887K, committed 2944K, reserved 1048576K
}
Event: 10.798 GC heap after
{Heap after GC invocations=5 (full 0):
 garbage-first heap   total 126976K, used 9515K [0x0000000086a00000, 0x0000000100000000)
  region size 1024K, 5 young (5120K), 5 survivors (5120K)
 Metaspace       used 20550K, capacity 21172K, committed 21296K, reserved 1067008K
  class space    used 2626K, capacity 2887K, committed 2944K, reserved 1048576K
}
Event: 12.947 GC heap before
{Heap before GC invocations=6 (full 0):
 garbage-first heap   total 126976K, used 65835K [0x0000000086a00000, 0x0000000100000000)
  region size 1024K, 60 young (61440K), 5 survivors (5120K)
 Metaspace       used 28764K, capacity 29792K, committed 29872K, reserved 1075200K
  class space    used 3653K, capacity 4058K, committed 4096K, reserved 1048576K
}
Event: 12.964 GC heap after
{Heap after GC invocations=7 (full 0):
 garbage-first heap   total 126976K, used 12979K [0x0000000086a00000, 0x0000000100000000)
  region size 1024K, 8 young (8192K), 8 survivors (8192K)
 Metaspace       used 28764K, capacity 29792K, committed 29872K, reserved 1075200K
  class space    used 3653K, capacity 4058K, committed 4096K, reserved 1048576K
}

