# JRE version: OpenJDK Runtime Environment (11.0.4+11) (build 11.0.4+11-post-Ubuntu-1ubuntu218.04.3)
# Java VM: OpenJDK 64-Bit Server VM (11.0.4+11-post-Ubuntu-1ubuntu218.04.3, mixed mode, sharing, tiered, compressed oops, g1 gc, linux-amd64)
Heap:
 garbage-first heap   total 185344K, used 16514K [0x0000000086a00000, 0x0000000100000000)
  region size 1024K, 13 young (13312K), 9 survivors (9216K)
 Metaspace       used 32477K, capacity 33568K, committed 33840K, reserved 1079296K
  class space    used 4041K, capacity 4470K, committed 4480K, reserved 1048576K
GC Heap History (10 events):
Event: 0.793 GC heap before
{Heap before GC invocations=1 (full 0):
 garbage-first heap   total 126976K, used 14751K [0x0000000086a00000, 0x0000000100000000)
  region size 1024K, 12 young (12288K), 2 survivors (2048K)
 Metaspace       used 5037K, capacity 6846K, committed 6912K, reserved 1056768K
  class space    used 582K, capacity 754K, committed 768K, reserved 1048576K
}
Event: 0.805 GC heap after
{Heap after GC invocations=2 (full 0):
 garbage-first heap   total 126976K, used 5026K [0x0000000086a00000, 0x0000000100000000)
  region size 1024K, 1 young (1024K), 1 survivors (1024K)
 Metaspace       used 5037K, capacity 6846K, committed 6912K, reserved 1056768K
  class space    used 582K, capacity 754K, committed 768K, reserved 1048576K
}
Event: 1.278 GC heap before
{Heap before GC invocations=2 (full 0):
 garbage-first heap   total 126976K, used 35746K [0x0000000086a00000, 0x0000000100000000)
  region size 1024K, 32 young (32768K), 1 survivors (1024K)
 Metaspace       used 11075K, capacity 11546K, committed 11648K, reserved 1058816K
  class space    used 1476K, capacity 1649K, committed 1664K, reserved 1048576K
}
Event: 1.284 GC heap after
{Heap after GC invocations=3 (full 0):
 garbage-first heap   total 126976K, used 6850K [0x0000000086a00000, 0x0000000100000000)
  region size 1024K, 3 young (3072K), 3 survivors (3072K)
 Metaspace       used 11075K, capacity 11546K, committed 11648K, reserved 1058816K
  class space    used 1476K, capacity 1649K, committed 1664K, reserved 1048576K
}
Event: 2.153 GC heap before
{Heap before GC invocations=3 (full 0):
 garbage-first heap   total 126976K, used 58050K [0x0000000086a00000, 0x0000000100000000)
  region size 1024K, 54 young (55296K), 3 survivors (3072K)
 Metaspace       used 19174K, capacity 19868K, committed 20224K, reserved 1067008K
  class space    used 2452K, capacity 2714K, committed 2816K, reserved 1048576K
}
Event: 2.182 GC heap after
{Heap after GC invocations=4 (full 0):
 garbage-first heap   total 126976K, used 8708K [0x0000000086a00000, 0x0000000100000000)
  region size 1024K, 4 young (4096K), 4 survivors (4096K)
 Metaspace       used 19174K, capacity 19868K, committed 20224K, reserved 1067008K
  class space    used 2452K, capacity 2714K, committed 2816K, reserved 1048576K
}
Event: 2.416 GC heap before
{Heap before GC invocations=4 (full 0):
 garbage-first heap   total 126976K, used 17924K [0x0000000086a00000, 0x0000000100000000)
  region size 1024K, 14 young (14336K), 4 survivors (4096K)
 Metaspace       used 20522K, capacity 21168K, committed 21296K, reserved 1067008K
  class space    used 2626K, capacity 2887K, committed 2944K, reserved 1048576K
}
Event: 2.424 GC heap after
{Heap after GC invocations=5 (full 0):
 garbage-first heap   total 185344K, used 9396K [0x0000000086a00000, 0x0000000100000000)
  region size 1024K, 5 young (5120K), 5 survivors (5120K)
 Metaspace       used 20522K, capacity 21168K, committed 21296K, reserved 1067008K
  class space    used 2626K, capacity 2887K, committed 2944K, reserved 1048576K
}
Event: 12.826 GC heap before
{Heap before GC invocations=6 (full 0):
 garbage-first heap   total 185344K, used 73908K [0x0000000086a00000, 0x0000000100000000)
  region size 1024K, 69 young (70656K), 5 survivors (5120K)
 Metaspace       used 31913K, capacity 32992K, committed 33328K, reserved 1079296K
  class space    used 3980K, capacity 4406K, committed 4480K, reserved 1048576K
}
Event: 12.844 GC heap after
{Heap after GC invocations=7 (full 0):
 garbage-first heap   total 185344K, used 13442K [0x0000000086a00000, 0x0000000100000000)
  region size 1024K, 9 young (9216K), 9 survivors (9216K)
 Metaspace       used 31913K, capacity 32992K, committed 33328K, reserved 1079296K
  class space    used 3980K, capacity 4406K, committed 4480K, reserved 1048576K
}

